<?xml version="1.0" encoding="UTF-8"?>
<!-- Generated by org.testng.reporters.JUnitReportReporter -->
<testsuite hostname="Sainath" failures="0" tests="3" name="com.cb.seleniumconcepts.Runner" time="10.175" errors="0" timestamp="2024-10-18T07:34:48 IST" skipped="0">
  <testcase classname="com.cb.seleniumconcepts.Runner" name="pageFactoryDemoTest" time="3.216"/>
  <testcase classname="com.cb.seleniumconcepts.Runner" name="pageFactoryDemoWithCacheTest" time="3.329"/>
  <testcase classname="com.cb.seleniumconcepts.Runner" name="noPageFactoryDemoTest" time="3.630"/>
</testsuite> <!-- com.cb.seleniumconcepts.Runner -->
