<?xml version="1.0" encoding="UTF-8"?>
<!-- Generated by org.testng.reporters.JUnitReportReporter -->
<testsuite hostname="Sainath" failures="0" tests="2" name="com.cb.tests.LoginpageTest" time="8.064" errors="0" timestamp="2024-10-17T10:54:39 IST" skipped="0">
  <testcase classname="com.cb.tests.LoginpageTest" name="test1" time="3.945"/>
  <testcase classname="com.cb.tests.LoginpageTest" name="test2" time="4.119"/>
</testsuite> <!-- com.cb.tests.LoginpageTest -->
